-------------------------------------------------------------------------------
Test set: com.mbuyukasik.game.app.GameAppTest
-------------------------------------------------------------------------------
Tests run: 1, Failures: 0, Errors: 1, Skipped: 0, Time elapsed: 0.016 s <<< FAILURE! - in com.mbuyukasik.game.app.GameAppTest
initializationError  Time elapsed: 0.016 s  <<< ERROR!
java.lang.Exception: No runnable methods

